<?xml version="1.0" encoding="UTF-8"?>
<!-- Generated by org.testng.reporters.JUnitReportReporter -->
<testsuite hostname="LAPTOP-L2UM9ODI" failures="0" tests="3" name="ui.UISpeedTest" time="41.299" errors="0" timestamp="2025-10-25T16:19:58 IST" skipped="0">
  <testcase classname="ui.UISpeedTest" name="verifyPrivacyButton" time="2.087"/>
  <testcase classname="ui.UISpeedTest" name="verifyInternetSpeed" time="0.218"/>
  <testcase classname="ui.UISpeedTest" name="verifySpeedTest" time="38.994"/>
</testsuite> <!-- ui.UISpeedTest -->
