<?xml version="1.0" encoding="UTF-8"?>
<!-- Generated by org.testng.reporters.JUnitReportReporter -->
<testsuite hostname="LAPTOP-L2UM9ODI" failures="0" tests="3" name="ui.UISpeedTest" time="43.321" errors="0" timestamp="2025-10-25T16:47:31 IST" skipped="0">
  <testcase classname="ui.UISpeedTest" name="verifyPrivacyButton" time="1.771"/>
  <testcase classname="ui.UISpeedTest" name="verifyInternetSpeed" time="0.193"/>
  <testcase classname="ui.UISpeedTest" name="verifySpeedTest" time="41.357"/>
</testsuite> <!-- ui.UISpeedTest -->
